<?xml version="1.0" encoding="utf-8"?><testsuites name="pytest tests"><testsuite name="pytest" errors="0" failures="0" skipped="0" tests="4" time="1.225" timestamp="2026-09-15T20:43:35.544600+00:00" hostname="agent-env-6401ad20-a47d-457c-ad27-59bd3c87af17"><testcase classname="tests.test_aktif_stok_rules" name="test_products_endpoint_excludes_minyak_goreng_aktif_false" time="0.627" /><testcase classname="tests.test_aktif_stok_rules" name="test_products_endpoint_minyak_goreng_direct_404" time="0.121" /><testcase classname="tests.test_aktif_stok_rules" name="test_parse_csv_filters_aktif_false_only" time="0.000" /><testcase classname="tests.test_aktif_stok_rules" name="test_bool_and_int_parsers" time="0.000" /></testsuite></testsuites>