<?xml version="1.0" encoding="utf-8"?><testsuites name="pytest tests"><testsuite name="pytest" errors="0" failures="0" skipped="0" tests="8" time="2.481" timestamp="2026-09-15T19:16:04.206752+00:00" hostname="agent-env-6401ad20-a47d-457c-ad27-59bd3c87af17"><testcase classname="tests.backend_test" name="test_config" time="1.271" /><testcase classname="tests.backend_test" name="test_products_list" time="0.090" /><testcase classname="tests.backend_test" name="test_products_has_expected_satuans" time="0.090" /><testcase classname="tests.backend_test" name="test_categories" time="0.081" /><testcase classname="tests.backend_test" name="test_product_by_id" time="0.085" /><testcase classname="tests.backend_test" name="test_product_not_found" time="0.089" /><testcase classname="tests.backend_test" name="test_inactive_product_not_accessible" time="0.080" /><testcase classname="tests.backend_test" name="test_order_number_format_and_increment" time="0.173" /></testsuite></testsuites>